0 info it worked if it ends with ok
1 verbose cli [ '/usr/local/bin/node', '/usr/local/bin/npm', 'run', 'dev' ]
2 info using npm@3.10.10
3 info using node@v6.11.1
4 verbose run-script [ 'predev', 'dev', 'postdev' ]
5 info lifecycle park@1.0.0~predev: park@1.0.0
6 silly lifecycle park@1.0.0~predev: no script for predev, continuing
7 info lifecycle park@1.0.0~dev: park@1.0.0
8 verbose lifecycle park@1.0.0~dev: unsafe-perm in lifecycle true
9 verbose lifecycle park@1.0.0~dev: PATH: /usr/local/lib/node_modules/npm/bin/node-gyp-bin:/Users/hym/公司资料/trunk/App/Park/node_modules/.bin:/Users/hym/anaconda2/bin:.;/usr/local/bin:/usr/bin:/bin:/usr/sbin:/sbin:/Applications/Wireshark.app/Contents/MacOS:/Library/Java/JavaVirtualMachines/jdk1.8.0.jdk/Contents/Home//bin:/Users/hym/Documents/soft/apache-maven-3.3.9//bin:/Library/Java/JavaVirtualMachines/jdk1.8.0.jdk/Contents/Home/bin:/usr/local/apache-maven-3.3.9/bin:/usr/local/bin:/Users/hym/Documents/soft/gradle-3.4/bin:/usr/local/apache-tomcat-7.0.75/bin:/Users/hym/Documents/android-sdks/platform-tools:/Users/hym/Documents/android-sdks/build-tools/25.0.2
10 verbose lifecycle park@1.0.0~dev: CWD: /Users/hym/公司资料/trunk/App/Park
11 silly lifecycle park@1.0.0~dev: Args: [ '-c', 'webpack --env.NODE_ENV=common --progress --watch' ]
12 silly lifecycle park@1.0.0~dev: Returned: code: 126  signal: null
13 info lifecycle park@1.0.0~dev: Failed to exec dev script
14 verbose stack Error: park@1.0.0 dev: `webpack --env.NODE_ENV=common --progress --watch`
14 verbose stack Exit status 126
14 verbose stack     at EventEmitter.<anonymous> (/usr/local/lib/node_modules/npm/lib/utils/lifecycle.js:255:16)
14 verbose stack     at emitTwo (events.js:106:13)
14 verbose stack     at EventEmitter.emit (events.js:191:7)
14 verbose stack     at ChildProcess.<anonymous> (/usr/local/lib/node_modules/npm/lib/utils/spawn.js:40:14)
14 verbose stack     at emitTwo (events.js:106:13)
14 verbose stack     at ChildProcess.emit (events.js:191:7)
14 verbose stack     at maybeClose (internal/child_process.js:891:16)
14 verbose stack     at Process.ChildProcess._handle.onexit (internal/child_process.js:226:5)
15 verbose pkgid park@1.0.0
16 verbose cwd /Users/hym/公司资料/trunk/App/Park/platforms/ios
17 error Darwin 16.5.0
18 error argv "/usr/local/bin/node" "/usr/local/bin/npm" "run" "dev"
19 error node v6.11.1
20 error npm  v3.10.10
21 error code ELIFECYCLE
22 error park@1.0.0 dev: `webpack --env.NODE_ENV=common --progress --watch`
22 error Exit status 126
23 error Failed at the park@1.0.0 dev script 'webpack --env.NODE_ENV=common --progress --watch'.
23 error Make sure you have the latest version of node.js and npm installed.
23 error If you do, this is most likely a problem with the park package,
23 error not with npm itself.
23 error Tell the author that this fails on your system:
23 error     webpack --env.NODE_ENV=common --progress --watch
23 error You can get information on how to open an issue for this project with:
23 error     npm bugs park
23 error Or if that isn't available, you can get their info via:
23 error     npm owner ls park
23 error There is likely additional logging output above.
24 verbose exit [ 1, true ]
